INFO 03:31:41: Loading World
INFO 03:31:41: Making Window
INFO 03:31:41: Creating Threads
INFO 03:31:41: Starting Threads
INFO 03:31:41: Making Agents
INFO 03:31:41: Architecture: [(3, 3), (6, 3)]
INFO 03:31:41: Number of weights: 33
INFO 03:31:59: Gen 0 Best: 53.60, Median: 0.00, 75th: 0.00, Best Passes: 3, Median Passes: 0
INFO 03:32:03: Gen 1 Best: 23.60, Median: 0.00, 75th: 0.00, Best Passes: 1, Median Passes: 0
INFO 03:32:07: Gen 2 Best: 28.40, Median: 0.00, 75th: 0.00, Best Passes: 3, Median Passes: 0
INFO 03:32:10: Gen 3 Best: 44.60, Median: 0.00, 75th: 0.00, Best Passes: 4, Median Passes: 0
INFO 03:32:13: Gen 4 Best: 56.00, Median: 1.00, 75th: 0.00, Best Passes: 6, Median Passes: 0
INFO 03:32:15: Gen 5 Best: 58.80, Median: 2.00, 75th: 0.00, Best Passes: 4, Median Passes: 0
INFO 03:32:15: No path to: (3, 11) from (3, 11)
INFO 03:32:18: Gen 6 Best: 38.80, Median: 2.00, 75th: 0.00, Best Passes: 2, Median Passes: 1
INFO 03:32:21: Gen 7 Best: 56.80, Median: 4.00, 75th: 0.00, Best Passes: 4, Median Passes: 0
INFO 03:32:24: Gen 8 Best: 56.80, Median: 9.80, 75th: 1.00, Best Passes: 5, Median Passes: 0
INFO 03:32:27: Gen 9 Best: 50.40, Median: 11.40, 75th: 2.00, Best Passes: 4, Median Passes: 0
INFO 03:32:29: Gen 10 Best: 51.00, Median: 11.00, 75th: 2.00, Best Passes: 3, Median Passes: 0
INFO 03:32:33: Gen 11 Best: 64.60, Median: 11.80, 75th: 2.00, Best Passes: 5, Median Passes: 0
INFO 03:32:35: Gen 12 Best: 48.20, Median: 14.00, 75th: 6.00, Best Passes: 4, Median Passes: 0
INFO 03:32:38: Gen 13 Best: 56.60, Median: 15.20, 75th: 10.20, Best Passes: 3, Median Passes: 0
INFO 03:32:41: Gen 14 Best: 60.80, Median: 15.20, 75th: 11.20, Best Passes: 4, Median Passes: 0
INFO 03:32:43: Gen 15 Best: 59.00, Median: 13.60, 75th: 9.00, Best Passes: 4, Median Passes: 0
INFO 03:32:46: Gen 16 Best: 59.20, Median: 15.20, 75th: 12.00, Best Passes: 6, Median Passes: 0
INFO 03:32:48: Gen 17 Best: 62.40, Median: 15.60, 75th: 11.20, Best Passes: 6, Median Passes: 0
INFO 03:32:51: Gen 18 Best: 56.60, Median: 15.00, 75th: 10.80, Best Passes: 5, Median Passes: 0
INFO 03:32:53: Gen 19 Best: 66.00, Median: 16.00, 75th: 10.80, Best Passes: 5, Median Passes: 0
INFO 03:32:55: Gen 20 Best: 59.60, Median: 16.00, 75th: 8.80, Best Passes: 4, Median Passes: 0
INFO 03:32:57: Gen 21 Best: 67.80, Median: 14.40, 75th: 9.80, Best Passes: 5, Median Passes: 0
INFO 03:32:59: Gen 22 Best: 57.80, Median: 15.60, 75th: 10.40, Best Passes: 6, Median Passes: 0
INFO 03:33:01: Gen 23 Best: 68.80, Median: 16.60, 75th: 13.40, Best Passes: 5, Median Passes: 0
INFO 03:33:03: Gen 24 Best: 61.40, Median: 15.60, 75th: 10.00, Best Passes: 4, Median Passes: 0
INFO 03:33:05: Gen 25 Best: 58.00, Median: 15.20, 75th: 9.40, Best Passes: 4, Median Passes: 0
INFO 03:33:05: No path to: (3, 11) from (3, 11)
INFO 03:33:06: Gen 26 Best: 54.20, Median: 14.40, 75th: 8.60, Best Passes: 3, Median Passes: 0
INFO 03:33:08: Gen 27 Best: 60.20, Median: 17.00, 75th: 9.20, Best Passes: 4, Median Passes: 0
INFO 03:33:10: Gen 28 Best: 57.60, Median: 14.80, 75th: 9.80, Best Passes: 4, Median Passes: 0
INFO 03:33:12: Gen 29 Best: 67.00, Median: 15.60, 75th: 7.60, Best Passes: 4, Median Passes: 0
INFO 03:33:14: Gen 30 Best: 62.60, Median: 15.80, 75th: 11.40, Best Passes: 5, Median Passes: 0
INFO 03:33:15: Gen 31 Best: 86.00, Median: 17.60, 75th: 10.20, Best Passes: 5, Median Passes: 0
INFO 03:33:17: Gen 32 Best: 66.20, Median: 17.00, 75th: 10.60, Best Passes: 4, Median Passes: 0
INFO 03:33:19: Gen 33 Best: 87.60, Median: 15.80, 75th: 9.00, Best Passes: 5, Median Passes: 0
INFO 03:33:20: Gen 34 Best: 63.20, Median: 18.60, 75th: 12.60, Best Passes: 5, Median Passes: 0
INFO 03:33:22: Gen 35 Best: 74.80, Median: 14.40, 75th: 10.20, Best Passes: 5, Median Passes: 0
INFO 03:33:24: Gen 36 Best: 56.20, Median: 16.40, 75th: 8.60, Best Passes: 5, Median Passes: 0
INFO 03:33:26: Gen 37 Best: 66.20, Median: 16.60, 75th: 10.40, Best Passes: 5, Median Passes: 0
INFO 03:33:27: Gen 38 Best: 67.60, Median: 16.80, 75th: 10.00, Best Passes: 5, Median Passes: 0
INFO 03:33:29: Gen 39 Best: 86.80, Median: 13.80, 75th: 10.40, Best Passes: 5, Median Passes: 0
INFO 03:33:31: Gen 40 Best: 61.20, Median: 16.60, 75th: 12.40, Best Passes: 7, Median Passes: 0
INFO 03:33:32: Gen 41 Best: 60.60, Median: 16.00, 75th: 11.60, Best Passes: 5, Median Passes: 0
INFO 03:33:34: Gen 42 Best: 68.40, Median: 15.60, 75th: 11.60, Best Passes: 6, Median Passes: 0
INFO 03:33:35: Gen 43 Best: 87.60, Median: 16.20, 75th: 11.00, Best Passes: 6, Median Passes: 0
INFO 03:33:37: Gen 44 Best: 59.00, Median: 16.00, 75th: 10.60, Best Passes: 3, Median Passes: 0
INFO 03:33:39: Gen 45 Best: 88.20, Median: 16.40, 75th: 10.80, Best Passes: 6, Median Passes: 0
INFO 03:33:41: Gen 46 Best: 88.80, Median: 16.20, 75th: 12.20, Best Passes: 5, Median Passes: 0
INFO 03:33:42: Gen 47 Best: 89.00, Median: 17.40, 75th: 11.60, Best Passes: 6, Median Passes: 0
INFO 03:33:44: Gen 48 Best: 87.80, Median: 16.60, 75th: 11.80, Best Passes: 6, Median Passes: 0
INFO 03:33:45: Gen 49 Best: 86.80, Median: 17.00, 75th: 11.60, Best Passes: 6, Median Passes: 0
INFO 03:33:45: Making Agents
INFO 03:33:45: Architecture: [(3, 3), (6, 3)]
INFO 03:33:45: Number of weights: 33
INFO 03:33:46: Gen 0 Best: 26.40, Median: 0.00, 75th: 0.00, Best Passes: 0, Median Passes: 0
INFO 03:33:48: Gen 1 Best: 21.20, Median: 0.00, 75th: 0.00, Best Passes: 0, Median Passes: 0
INFO 03:33:49: Gen 2 Best: 30.60, Median: 0.00, 75th: 0.00, Best Passes: 2, Median Passes: 0
INFO 03:33:50: Gen 3 Best: 24.20, Median: 0.00, 75th: 0.00, Best Passes: 0, Median Passes: 0
INFO 03:33:51: Gen 4 Best: 32.40, Median: 0.00, 75th: 0.00, Best Passes: 0, Median Passes: 0
INFO 03:33:52: Gen 5 Best: 58.40, Median: 2.00, 75th: 0.00, Best Passes: 4, Median Passes: 0
INFO 03:33:54: Gen 6 Best: 30.40, Median: 2.00, 75th: 0.00, Best Passes: 0, Median Passes: 0
INFO 03:33:55: Gen 7 Best: 49.20, Median: 7.60, 75th: 0.00, Best Passes: 4, Median Passes: 0
INFO 03:33:57: Gen 8 Best: 45.00, Median: 10.60, 75th: 1.00, Best Passes: 4, Median Passes: 0
INFO 03:33:58: Gen 9 Best: 53.40, Median: 12.80, 75th: 2.00, Best Passes: 3, Median Passes: 0
INFO 03:34:00: Gen 10 Best: 53.60, Median: 14.00, 75th: 8.80, Best Passes: 3, Median Passes: 0
INFO 03:34:01: Gen 11 Best: 56.00, Median: 12.00, 75th: 6.00, Best Passes: 6, Median Passes: 0
INFO 03:34:03: Gen 12 Best: 41.40, Median: 13.80, 75th: 8.00, Best Passes: 2, Median Passes: 0
INFO 03:34:05: Gen 13 Best: 47.20, Median: 15.20, 75th: 9.00, Best Passes: 3, Median Passes: 0
INFO 03:34:06: Gen 14 Best: 61.60, Median: 13.80, 75th: 10.20, Best Passes: 4, Median Passes: 0
INFO 03:34:08: Gen 15 Best: 55.80, Median: 14.20, 75th: 11.40, Best Passes: 4, Median Passes: 0
INFO 03:34:09: Gen 16 Best: 57.80, Median: 15.00, 75th: 10.80, Best Passes: 5, Median Passes: 0
INFO 03:34:11: Gen 17 Best: 51.40, Median: 15.80, 75th: 9.40, Best Passes: 4, Median Passes: 0
INFO 03:34:12: Gen 18 Best: 60.60, Median: 15.00, 75th: 11.80, Best Passes: 4, Median Passes: 0
INFO 03:34:14: Gen 19 Best: 75.40, Median: 14.80, 75th: 10.40, Best Passes: 4, Median Passes: 0
INFO 03:34:15: Gen 20 Best: 56.00, Median: 16.40, 75th: 11.80, Best Passes: 3, Median Passes: 0
INFO 03:34:17: Gen 21 Best: 51.80, Median: 15.00, 75th: 10.00, Best Passes: 7, Median Passes: 0
INFO 03:34:18: Gen 22 Best: 67.00, Median: 13.80, 75th: 9.40, Best Passes: 4, Median Passes: 0
INFO 03:34:20: Gen 23 Best: 56.20, Median: 13.40, 75th: 9.20, Best Passes: 5, Median Passes: 0
INFO 03:34:21: Gen 24 Best: 52.60, Median: 14.00, 75th: 9.00, Best Passes: 3, Median Passes: 0
INFO 03:34:23: Gen 25 Best: 69.00, Median: 15.00, 75th: 9.40, Best Passes: 4, Median Passes: 0
INFO 03:34:24: Gen 26 Best: 54.20, Median: 14.20, 75th: 9.20, Best Passes: 4, Median Passes: 0
INFO 03:34:26: Gen 27 Best: 57.20, Median: 14.00, 75th: 8.60, Best Passes: 5, Median Passes: 0
INFO 03:34:27: Gen 28 Best: 67.60, Median: 13.20, 75th: 6.40, Best Passes: 6, Median Passes: 0
INFO 03:34:29: Gen 29 Best: 59.60, Median: 16.60, 75th: 8.80, Best Passes: 4, Median Passes: 0
INFO 03:34:30: Gen 30 Best: 57.00, Median: 16.20, 75th: 10.20, Best Passes: 6, Median Passes: 0
INFO 03:34:32: Gen 31 Best: 89.20, Median: 15.20, 75th: 7.40, Best Passes: 6, Median Passes: 0
INFO 03:34:33: Gen 32 Best: 60.20, Median: 14.60, 75th: 6.00, Best Passes: 3, Median Passes: 0
INFO 03:34:35: Gen 33 Best: 59.00, Median: 15.60, 75th: 10.80, Best Passes: 4, Median Passes: 0
INFO 03:34:36: Gen 34 Best: 67.80, Median: 15.00, 75th: 2.00, Best Passes: 6, Median Passes: 0
INFO 03:34:38: Gen 35 Best: 63.20, Median: 15.40, 75th: 6.80, Best Passes: 7, Median Passes: 0
INFO 03:34:39: Gen 36 Best: 59.40, Median: 14.20, 75th: 5.00, Best Passes: 4, Median Passes: 0
INFO 03:34:41: Gen 37 Best: 79.80, Median: 15.80, 75th: 7.60, Best Passes: 3, Median Passes: 0
INFO 03:34:42: Gen 38 Best: 66.40, Median: 14.60, 75th: 7.60, Best Passes: 4, Median Passes: 0
INFO 03:34:44: Gen 39 Best: 58.20, Median: 16.00, 75th: 6.00, Best Passes: 3, Median Passes: 0
INFO 03:34:45: Gen 40 Best: 67.20, Median: 16.60, 75th: 8.80, Best Passes: 5, Median Passes: 0
INFO 03:34:47: Gen 41 Best: 68.40, Median: 17.20, 75th: 10.80, Best Passes: 4, Median Passes: 0
INFO 03:34:48: Gen 42 Best: 67.20, Median: 17.00, 75th: 8.60, Best Passes: 4, Median Passes: 0
INFO 03:34:50: Gen 43 Best: 61.40, Median: 15.60, 75th: 2.00, Best Passes: 4, Median Passes: 0
INFO 03:34:51: Gen 44 Best: 61.60, Median: 16.00, 75th: 6.00, Best Passes: 4, Median Passes: 0
INFO 03:34:53: Gen 45 Best: 60.20, Median: 16.40, 75th: 3.00, Best Passes: 3, Median Passes: 0
INFO 03:34:54: Gen 46 Best: 68.80, Median: 16.40, 75th: 6.80, Best Passes: 5, Median Passes: 0
INFO 03:34:56: Gen 47 Best: 60.60, Median: 17.40, 75th: 9.40, Best Passes: 4, Median Passes: 0
INFO 03:34:57: Gen 48 Best: 57.00, Median: 15.00, 75th: 9.40, Best Passes: 3, Median Passes: 0
INFO 03:34:59: Gen 49 Best: 59.60, Median: 16.40, 75th: 9.20, Best Passes: 5, Median Passes: 0
INFO 03:34:59: Making Agents
INFO 03:34:59: Architecture: [(3, 3), (6, 3)]
INFO 03:34:59: Number of weights: 33
INFO 03:35:00: Gen 0 Best: 51.20, Median: 0.00, 75th: 0.00, Best Passes: 3, Median Passes: 0
INFO 03:35:01: Gen 1 Best: 45.40, Median: 0.00, 75th: 0.00, Best Passes: 4, Median Passes: 0
INFO 03:35:02: Gen 2 Best: 57.60, Median: 0.00, 75th: 0.00, Best Passes: 4, Median Passes: 0
INFO 03:35:03: Gen 3 Best: 56.20, Median: 0.00, 75th: 0.00, Best Passes: 4, Median Passes: 0
INFO 03:35:05: Gen 4 Best: 47.00, Median: 2.00, 75th: 0.00, Best Passes: 5, Median Passes: 1
INFO 03:35:06: Gen 5 Best: 47.80, Median: 7.20, 75th: 0.00, Best Passes: 4, Median Passes: 0
INFO 03:35:07: Gen 6 Best: 57.40, Median: 7.60, 75th: 0.00, Best Passes: 6, Median Passes: 0
INFO 03:35:09: Gen 7 Best: 53.20, Median: 11.60, 75th: 1.00, Best Passes: 3, Median Passes: 0
INFO 03:35:10: Gen 8 Best: 51.60, Median: 10.60, 75th: 2.00, Best Passes: 3, Median Passes: 0
INFO 03:35:11: Gen 9 Best: 55.80, Median: 15.00, 75th: 6.00, Best Passes: 6, Median Passes: 0
INFO 03:35:13: Gen 10 Best: 48.00, Median: 13.00, 75th: 5.00, Best Passes: 4, Median Passes: 0
INFO 03:35:14: Gen 11 Best: 55.20, Median: 14.60, 75th: 7.20, Best Passes: 4, Median Passes: 0
INFO 03:35:16: Gen 12 Best: 47.40, Median: 13.80, 75th: 9.40, Best Passes: 3, Median Passes: 0
INFO 03:35:17: Gen 13 Best: 50.60, Median: 12.80, 75th: 9.20, Best Passes: 4, Median Passes: 0
INFO 03:35:19: Gen 14 Best: 60.00, Median: 14.80, 75th: 10.80, Best Passes: 5, Median Passes: 0
INFO 03:35:21: Gen 15 Best: 55.60, Median: 15.40, 75th: 11.00, Best Passes: 4, Median Passes: 0
INFO 03:35:22: Gen 16 Best: 50.20, Median: 15.00, 75th: 11.40, Best Passes: 4, Median Passes: 0
INFO 03:35:24: Gen 17 Best: 51.20, Median: 15.20, 75th: 11.60, Best Passes: 5, Median Passes: 0
INFO 03:35:25: Gen 18 Best: 58.40, Median: 15.20, 75th: 11.80, Best Passes: 3, Median Passes: 0
INFO 03:35:27: Gen 19 Best: 63.00, Median: 15.80, 75th: 12.20, Best Passes: 5, Median Passes: 0
INFO 03:35:28: Gen 20 Best: 50.80, Median: 15.60, 75th: 10.80, Best Passes: 4, Median Passes: 0
INFO 03:35:30: Gen 21 Best: 70.00, Median: 15.20, 75th: 11.40, Best Passes: 6, Median Passes: 0
INFO 03:35:31: Gen 22 Best: 54.00, Median: 14.80, 75th: 12.00, Best Passes: 4, Median Passes: 0
INFO 03:35:33: Gen 23 Best: 58.80, Median: 15.60, 75th: 11.60, Best Passes: 4, Median Passes: 0
INFO 03:35:34: Gen 24 Best: 61.80, Median: 16.20, 75th: 12.40, Best Passes: 4, Median Passes: 0
INFO 03:35:36: Gen 25 Best: 67.40, Median: 16.80, 75th: 12.60, Best Passes: 5, Median Passes: 0
INFO 03:35:37: Gen 26 Best: 91.20, Median: 14.40, 75th: 9.40, Best Passes: 7, Median Passes: 0
INFO 03:35:39: Gen 27 Best: 56.20, Median: 17.40, 75th: 12.80, Best Passes: 3, Median Passes: 0
INFO 03:35:40: Gen 28 Best: 86.40, Median: 16.60, 75th: 11.60, Best Passes: 5, Median Passes: 0
INFO 03:35:42: Gen 29 Best: 58.60, Median: 17.00, 75th: 13.40, Best Passes: 5, Median Passes: 0
INFO 03:35:43: Gen 30 Best: 86.20, Median: 16.20, 75th: 13.00, Best Passes: 6, Median Passes: 0
INFO 03:35:45: Gen 31 Best: 56.60, Median: 17.60, 75th: 12.20, Best Passes: 5, Median Passes: 0
INFO 03:35:46: Gen 32 Best: 88.80, Median: 19.20, 75th: 13.00, Best Passes: 6, Median Passes: 0
INFO 03:35:47: Gen 33 Best: 81.60, Median: 19.80, 75th: 14.20, Best Passes: 7, Median Passes: 0
INFO 03:35:49: Gen 34 Best: 66.20, Median: 17.80, 75th: 14.00, Best Passes: 4, Median Passes: 0
INFO 03:35:50: Gen 35 Best: 63.20, Median: 18.40, 75th: 14.60, Best Passes: 4, Median Passes: 0
INFO 03:35:52: Gen 36 Best: 83.00, Median: 19.60, 75th: 13.20, Best Passes: 5, Median Passes: 0
INFO 03:35:53: Gen 37 Best: 86.80, Median: 19.00, 75th: 10.80, Best Passes: 6, Median Passes: 0
INFO 03:35:55: Gen 38 Best: 70.20, Median: 21.80, 75th: 11.80, Best Passes: 4, Median Passes: 0
INFO 03:35:56: Gen 39 Best: 66.00, Median: 18.40, 75th: 7.00, Best Passes: 4, Median Passes: 0
INFO 03:35:57: Gen 40 Best: 70.20, Median: 17.00, 75th: 6.00, Best Passes: 4, Median Passes: 0
INFO 03:35:59: Gen 41 Best: 88.40, Median: 18.00, 75th: 11.40, Best Passes: 5, Median Passes: 0
INFO 03:36:00: Gen 42 Best: 91.40, Median: 15.40, 75th: 5.00, Best Passes: 6, Median Passes: 0
INFO 03:36:02: Gen 43 Best: 71.00, Median: 17.00, 75th: 6.00, Best Passes: 4, Median Passes: 0
INFO 03:36:03: Gen 44 Best: 66.20, Median: 20.00, 75th: 9.00, Best Passes: 5, Median Passes: 0
INFO 03:36:05: Gen 45 Best: 61.40, Median: 16.00, 75th: 8.40, Best Passes: 6, Median Passes: 0
INFO 03:36:06: Gen 46 Best: 89.00, Median: 16.40, 75th: 9.20, Best Passes: 6, Median Passes: 0
INFO 03:36:07: Gen 47 Best: 91.40, Median: 18.40, 75th: 10.80, Best Passes: 7, Median Passes: 0
INFO 03:36:09: Gen 48 Best: 67.60, Median: 19.20, 75th: 9.60, Best Passes: 5, Median Passes: 0
INFO 03:36:10: Gen 49 Best: 89.40, Median: 17.80, 75th: 7.00, Best Passes: 5, Median Passes: 0
INFO 03:36:10: Making Agents
INFO 03:36:10: Architecture: [(3, 3), (6, 3)]
INFO 03:36:10: Number of weights: 33
INFO 03:36:11: Gen 0 Best: 19.40, Median: 0.00, 75th: 0.00, Best Passes: 0, Median Passes: 0
INFO 03:36:12: Gen 1 Best: 25.20, Median: 0.00, 75th: 0.00, Best Passes: 0, Median Passes: 0
INFO 03:36:14: Gen 2 Best: 22.60, Median: 0.00, 75th: 0.00, Best Passes: 0, Median Passes: 0
INFO 03:36:15: Gen 3 Best: 31.20, Median: 0.00, 75th: 0.00, Best Passes: 0, Median Passes: 0
INFO 03:36:16: Gen 4 Best: 29.00, Median: 0.00, 75th: 0.00, Best Passes: 0, Median Passes: 0
INFO 03:36:17: Gen 5 Best: 24.40, Median: 0.00, 75th: 0.00, Best Passes: 0, Median Passes: 0
INFO 03:36:18: Gen 6 Best: 87.20, Median: 1.00, 75th: 0.00, Best Passes: 6, Median Passes: 0
INFO 03:36:20: Gen 7 Best: 41.40, Median: 10.40, 75th: 0.00, Best Passes: 3, Median Passes: 0
INFO 03:36:21: Gen 8 Best: 47.60, Median: 10.40, 75th: 0.00, Best Passes: 2, Median Passes: 0
INFO 03:36:22: Gen 9 Best: 51.20, Median: 11.60, 75th: 0.00, Best Passes: 3, Median Passes: 0
INFO 03:36:23: Gen 10 Best: 54.60, Median: 13.20, 75th: 2.00, Best Passes: 5, Median Passes: 0
INFO 03:36:25: Gen 11 Best: 56.60, Median: 13.80, 75th: 6.00, Best Passes: 5, Median Passes: 0
INFO 03:36:26: Gen 12 Best: 30.40, Median: 13.80, 75th: 8.00, Best Passes: 0, Median Passes: 0
INFO 03:36:28: Gen 13 Best: 58.20, Median: 14.40, 75th: 9.80, Best Passes: 6, Median Passes: 0
INFO 03:36:29: Gen 14 Best: 54.00, Median: 14.40, 75th: 11.80, Best Passes: 4, Median Passes: 0
INFO 03:36:31: Gen 15 Best: 49.20, Median: 13.40, 75th: 9.00, Best Passes: 4, Median Passes: 0
INFO 03:36:32: Gen 16 Best: 58.60, Median: 14.20, 75th: 8.80, Best Passes: 5, Median Passes: 0
INFO 03:36:34: Gen 17 Best: 59.80, Median: 15.40, 75th: 11.20, Best Passes: 4, Median Passes: 0
INFO 03:36:35: Gen 18 Best: 47.60, Median: 15.00, 75th: 11.80, Best Passes: 2, Median Passes: 0
INFO 03:36:36: Gen 19 Best: 47.40, Median: 15.80, 75th: 13.40, Best Passes: 2, Median Passes: 0
INFO 03:36:38: Gen 20 Best: 55.40, Median: 13.80, 75th: 10.80, Best Passes: 3, Median Passes: 0
INFO 03:36:39: Gen 21 Best: 30.40, Median: 14.80, 75th: 10.20, Best Passes: 0, Median Passes: 0
INFO 03:36:41: Gen 22 Best: 69.40, Median: 16.00, 75th: 10.20, Best Passes: 6, Median Passes: 0
INFO 03:36:42: Gen 23 Best: 52.20, Median: 14.00, 75th: 9.40, Best Passes: 3, Median Passes: 0
INFO 03:36:44: Gen 24 Best: 45.40, Median: 13.60, 75th: 11.00, Best Passes: 2, Median Passes: 0
INFO 03:36:45: Gen 25 Best: 51.60, Median: 14.00, 75th: 11.40, Best Passes: 3, Median Passes: 0
INFO 03:36:47: Gen 26 Best: 32.40, Median: 14.60, 75th: 11.40, Best Passes: 0, Median Passes: 0
INFO 03:36:48: Gen 27 Best: 29.20, Median: 15.20, 75th: 11.00, Best Passes: 0, Median Passes: 0
INFO 03:36:49: Gen 28 Best: 31.80, Median: 14.00, 75th: 11.00, Best Passes: 0, Median Passes: 0
INFO 03:36:51: Gen 29 Best: 31.20, Median: 14.40, 75th: 10.20, Best Passes: 0, Median Passes: 0
INFO 03:36:52: Gen 30 Best: 28.40, Median: 13.80, 75th: 11.00, Best Passes: 0, Median Passes: 0
INFO 03:36:54: Gen 31 Best: 89.80, Median: 15.00, 75th: 11.20, Best Passes: 5, Median Passes: 0
INFO 03:36:55: Gen 32 Best: 60.60, Median: 15.00, 75th: 12.40, Best Passes: 5, Median Passes: 0
INFO 03:36:56: Gen 33 Best: 91.20, Median: 16.80, 75th: 12.40, Best Passes: 6, Median Passes: 0
INFO 03:36:58: Gen 34 Best: 59.60, Median: 15.20, 75th: 12.40, Best Passes: 5, Median Passes: 0
INFO 03:36:59: Gen 35 Best: 52.40, Median: 14.80, 75th: 10.60, Best Passes: 4, Median Passes: 0
INFO 03:37:01: Gen 36 Best: 59.20, Median: 15.00, 75th: 11.80, Best Passes: 4, Median Passes: 0
INFO 03:37:02: Gen 37 Best: 53.80, Median: 15.00, 75th: 10.80, Best Passes: 6, Median Passes: 0
INFO 03:37:04: Gen 38 Best: 88.20, Median: 16.40, 75th: 11.80, Best Passes: 6, Median Passes: 0
INFO 03:37:05: Gen 39 Best: 56.20, Median: 15.00, 75th: 11.00, Best Passes: 5, Median Passes: 0
INFO 03:37:06: Gen 40 Best: 75.60, Median: 15.60, 75th: 10.40, Best Passes: 6, Median Passes: 0
INFO 03:37:08: Gen 41 Best: 66.40, Median: 16.20, 75th: 11.60, Best Passes: 5, Median Passes: 0
INFO 03:37:09: Gen 42 Best: 59.80, Median: 16.60, 75th: 11.60, Best Passes: 4, Median Passes: 0
INFO 03:37:11: Gen 43 Best: 66.60, Median: 16.80, 75th: 10.60, Best Passes: 4, Median Passes: 0
INFO 03:37:12: Gen 44 Best: 51.60, Median: 14.60, 75th: 11.20, Best Passes: 2, Median Passes: 0
INFO 03:37:13: Gen 45 Best: 58.40, Median: 16.60, 75th: 11.40, Best Passes: 4, Median Passes: 0
INFO 03:37:15: Gen 46 Best: 52.20, Median: 14.60, 75th: 8.80, Best Passes: 2, Median Passes: 0
INFO 03:37:16: Gen 47 Best: 87.20, Median: 15.20, 75th: 8.80, Best Passes: 5, Median Passes: 0
INFO 03:37:17: Gen 48 Best: 83.20, Median: 15.40, 75th: 11.00, Best Passes: 7, Median Passes: 0
INFO 03:37:19: Gen 49 Best: 59.00, Median: 15.00, 75th: 11.00, Best Passes: 5, Median Passes: 0
INFO 03:37:19: Making Agents
INFO 03:37:19: Architecture: [(3, 3), (6, 3)]
INFO 03:37:19: Number of weights: 33
INFO 03:37:20: Gen 0 Best: 23.20, Median: 0.00, 75th: 0.00, Best Passes: 0, Median Passes: 0
INFO 03:37:21: Gen 1 Best: 25.00, Median: 0.00, 75th: 0.00, Best Passes: 0, Median Passes: 0
INFO 03:37:22: Gen 2 Best: 40.40, Median: 0.00, 75th: 0.00, Best Passes: 0, Median Passes: 0
INFO 03:37:23: Gen 3 Best: 48.40, Median: 0.00, 75th: 0.00, Best Passes: 3, Median Passes: 0
INFO 03:37:24: Gen 4 Best: 57.00, Median: 2.00, 75th: 0.00, Best Passes: 5, Median Passes: 2
INFO 03:37:25: Gen 5 Best: 47.20, Median: 2.00, 75th: 0.00, Best Passes: 5, Median Passes: 0
INFO 03:37:26: Gen 6 Best: 53.80, Median: 2.00, 75th: 0.00, Best Passes: 3, Median Passes: 0
INFO 03:37:27: Gen 7 Best: 59.40, Median: 8.00, 75th: 1.00, Best Passes: 4, Median Passes: 0
INFO 03:37:29: Gen 8 Best: 49.80, Median: 10.60, 75th: 2.00, Best Passes: 4, Median Passes: 0
INFO 03:37:30: Gen 9 Best: 54.00, Median: 13.00, 75th: 2.00, Best Passes: 5, Median Passes: 0
INFO 03:37:31: Gen 10 Best: 54.40, Median: 13.80, 75th: 6.00, Best Passes: 4, Median Passes: 0
INFO 03:37:33: Gen 11 Best: 52.00, Median: 14.60, 75th: 10.40, Best Passes: 6, Median Passes: 0
INFO 03:37:34: Gen 12 Best: 66.00, Median: 16.00, 75th: 11.00, Best Passes: 4, Median Passes: 0
INFO 03:37:35: Gen 13 Best: 59.00, Median: 16.20, 75th: 12.60, Best Passes: 4, Median Passes: 0
INFO 03:37:37: Gen 14 Best: 87.80, Median: 15.80, 75th: 11.00, Best Passes: 6, Median Passes: 0
INFO 03:37:38: Gen 15 Best: 87.40, Median: 15.40, 75th: 12.20, Best Passes: 5, Median Passes: 0
INFO 03:37:40: Gen 16 Best: 57.40, Median: 17.20, 75th: 12.00, Best Passes: 7, Median Passes: 0
INFO 03:37:41: Gen 17 Best: 67.20, Median: 15.20, 75th: 8.80, Best Passes: 6, Median Passes: 0
INFO 03:37:42: Gen 18 Best: 87.60, Median: 14.40, 75th: 9.80, Best Passes: 5, Median Passes: 0
INFO 03:37:44: Gen 19 Best: 87.80, Median: 16.20, 75th: 9.00, Best Passes: 6, Median Passes: 0
INFO 03:37:45: Gen 20 Best: 60.00, Median: 16.60, 75th: 9.20, Best Passes: 6, Median Passes: 0
INFO 03:37:46: Gen 21 Best: 58.20, Median: 16.40, 75th: 11.60, Best Passes: 4, Median Passes: 0
INFO 03:37:48: Gen 22 Best: 69.60, Median: 16.40, 75th: 12.60, Best Passes: 4, Median Passes: 0
INFO 03:37:49: Gen 23 Best: 88.60, Median: 17.00, 75th: 10.60, Best Passes: 6, Median Passes: 0
INFO 03:37:50: Gen 24 Best: 59.20, Median: 16.60, 75th: 8.60, Best Passes: 4, Median Passes: 0
INFO 03:37:51: Gen 25 Best: 57.60, Median: 16.60, 75th: 9.40, Best Passes: 4, Median Passes: 0
INFO 03:37:53: Gen 26 Best: 89.60, Median: 16.40, 75th: 6.00, Best Passes: 6, Median Passes: 0
INFO 03:37:54: Gen 27 Best: 68.20, Median: 15.80, 75th: 6.60, Best Passes: 5, Median Passes: 0
INFO 03:37:55: Gen 28 Best: 86.60, Median: 13.80, 75th: 8.00, Best Passes: 7, Median Passes: 0
INFO 03:37:57: Gen 29 Best: 86.40, Median: 16.60, 75th: 11.00, Best Passes: 7, Median Passes: 0
INFO 03:37:58: Gen 30 Best: 67.60, Median: 17.80, 75th: 11.20, Best Passes: 5, Median Passes: 0
INFO 03:37:59: Gen 31 Best: 87.80, Median: 16.80, 75th: 9.80, Best Passes: 6, Median Passes: 0
INFO 03:38:01: Gen 32 Best: 82.40, Median: 15.20, 75th: 9.80, Best Passes: 5, Median Passes: 0
INFO 03:38:02: Gen 33 Best: 87.60, Median: 18.40, 75th: 12.00, Best Passes: 6, Median Passes: 0
INFO 03:38:03: Gen 34 Best: 68.40, Median: 17.20, 75th: 11.80, Best Passes: 6, Median Passes: 0
INFO 03:38:05: Gen 35 Best: 86.20, Median: 18.80, 75th: 14.00, Best Passes: 6, Median Passes: 0
INFO 03:38:06: Gen 36 Best: 86.20, Median: 17.40, 75th: 12.20, Best Passes: 5, Median Passes: 0
INFO 03:38:07: Gen 37 Best: 86.60, Median: 19.00, 75th: 13.00, Best Passes: 6, Median Passes: 0
INFO 03:38:09: Gen 38 Best: 86.20, Median: 19.00, 75th: 11.60, Best Passes: 6, Median Passes: 0
INFO 03:38:10: Gen 39 Best: 89.00, Median: 18.00, 75th: 11.00, Best Passes: 6, Median Passes: 0
INFO 03:38:11: Gen 40 Best: 86.20, Median: 18.60, 75th: 13.00, Best Passes: 5, Median Passes: 0
INFO 03:38:13: Gen 41 Best: 61.20, Median: 20.80, 75th: 11.40, Best Passes: 4, Median Passes: 0
INFO 03:38:14: Gen 42 Best: 89.80, Median: 20.60, 75th: 13.00, Best Passes: 6, Median Passes: 0
INFO 03:38:15: Gen 43 Best: 88.40, Median: 17.20, 75th: 11.00, Best Passes: 5, Median Passes: 0
INFO 03:38:17: Gen 44 Best: 62.20, Median: 19.00, 75th: 12.60, Best Passes: 5, Median Passes: 0
INFO 03:38:18: Gen 45 Best: 87.20, Median: 18.20, 75th: 12.60, Best Passes: 6, Median Passes: 0
INFO 03:38:19: Gen 46 Best: 60.20, Median: 16.60, 75th: 12.80, Best Passes: 5, Median Passes: 0
INFO 03:38:21: Gen 47 Best: 86.20, Median: 17.40, 75th: 4.40, Best Passes: 5, Median Passes: 0
INFO 03:38:22: Gen 48 Best: 89.60, Median: 16.80, 75th: 9.00, Best Passes: 5, Median Passes: 0
INFO 03:38:23: Gen 49 Best: 88.00, Median: 17.00, 75th: 10.40, Best Passes: 5, Median Passes: 0
INFO 03:38:23: Making Agents
INFO 03:38:23: Architecture: [(3, 3), (6, 3)]
INFO 03:38:23: Number of weights: 33
INFO 03:38:24: Gen 0 Best: 31.20, Median: 0.00, 75th: 0.00, Best Passes: 0, Median Passes: 0
INFO 03:38:25: Gen 1 Best: 21.40, Median: 0.00, 75th: 0.00, Best Passes: 0, Median Passes: 0
INFO 03:38:26: Gen 2 Best: 27.60, Median: 0.00, 75th: 0.00, Best Passes: 0, Median Passes: 0
INFO 03:38:27: Gen 3 Best: 26.40, Median: 0.00, 75th: 0.00, Best Passes: 0, Median Passes: 0
INFO 03:38:28: Gen 4 Best: 29.20, Median: 0.00, 75th: 0.00, Best Passes: 0, Median Passes: 0
INFO 03:38:30: Gen 5 Best: 28.20, Median: 2.00, 75th: 0.00, Best Passes: 0, Median Passes: 0
INFO 03:38:31: Gen 6 Best: 25.20, Median: 2.00, 75th: 0.00, Best Passes: 0, Median Passes: 1
INFO 03:38:32: Gen 7 Best: 28.20, Median: 8.40, 75th: 0.00, Best Passes: 0, Median Passes: 0
INFO 03:38:33: Gen 8 Best: 29.40, Median: 9.00, 75th: 2.00, Best Passes: 0, Median Passes: 0
INFO 03:38:35: Gen 9 Best: 24.00, Median: 12.40, 75th: 2.00, Best Passes: 0, Median Passes: 0
INFO 03:38:36: Gen 10 Best: 28.20, Median: 13.00, 75th: 7.60, Best Passes: 0, Median Passes: 0
INFO 03:38:38: Gen 11 Best: 37.40, Median: 14.80, 75th: 10.40, Best Passes: 0, Median Passes: 0
INFO 03:38:39: Gen 12 Best: 27.00, Median: 14.60, 75th: 10.60, Best Passes: 0, Median Passes: 0
INFO 03:38:40: Gen 13 Best: 28.20, Median: 15.20, 75th: 10.40, Best Passes: 0, Median Passes: 0
INFO 03:38:42: Gen 14 Best: 37.80, Median: 15.20, 75th: 12.00, Best Passes: 0, Median Passes: 0
INFO 03:38:43: Gen 15 Best: 27.20, Median: 15.00, 75th: 11.00, Best Passes: 0, Median Passes: 0
INFO 03:38:45: Gen 16 Best: 26.40, Median: 16.80, 75th: 13.00, Best Passes: 0, Median Passes: 0
INFO 03:38:46: Gen 17 Best: 26.40, Median: 17.40, 75th: 12.80, Best Passes: 0, Median Passes: 0
INFO 03:38:47: Gen 18 Best: 30.40, Median: 14.80, 75th: 11.80, Best Passes: 0, Median Passes: 0
INFO 03:38:49: Gen 19 Best: 39.20, Median: 14.40, 75th: 11.20, Best Passes: 0, Median Passes: 0
INFO 03:38:50: Gen 20 Best: 34.20, Median: 16.40, 75th: 11.20, Best Passes: 0, Median Passes: 0
INFO 03:38:52: Gen 21 Best: 28.60, Median: 15.00, 75th: 11.00, Best Passes: 0, Median Passes: 0
INFO 03:38:53: Gen 22 Best: 27.20, Median: 16.60, 75th: 12.00, Best Passes: 0, Median Passes: 0
INFO 03:38:55: Gen 23 Best: 24.80, Median: 15.00, 75th: 11.40, Best Passes: 0, Median Passes: 0
INFO 03:38:56: Gen 24 Best: 27.40, Median: 16.00, 75th: 12.20, Best Passes: 0, Median Passes: 0
INFO 03:38:57: Gen 25 Best: 29.80, Median: 15.80, 75th: 11.80, Best Passes: 0, Median Passes: 0
INFO 03:38:59: Gen 26 Best: 27.40, Median: 15.00, 75th: 12.40, Best Passes: 0, Median Passes: 0
INFO 03:39:00: Gen 27 Best: 33.00, Median: 14.60, 75th: 12.80, Best Passes: 0, Median Passes: 0
INFO 03:39:02: Gen 28 Best: 26.80, Median: 16.20, 75th: 11.60, Best Passes: 0, Median Passes: 0
INFO 03:39:03: Gen 29 Best: 62.80, Median: 15.60, 75th: 11.20, Best Passes: 4, Median Passes: 0
INFO 03:39:04: Gen 30 Best: 33.60, Median: 13.40, 75th: 10.80, Best Passes: 2, Median Passes: 0
INFO 03:39:06: Gen 31 Best: 58.40, Median: 16.00, 75th: 12.20, Best Passes: 3, Median Passes: 0
INFO 03:39:07: Gen 32 Best: 47.80, Median: 15.40, 75th: 12.00, Best Passes: 5, Median Passes: 0
INFO 03:39:08: Gen 33 Best: 48.60, Median: 15.80, 75th: 12.60, Best Passes: 5, Median Passes: 0
INFO 03:39:10: Gen 34 Best: 53.20, Median: 15.60, 75th: 10.60, Best Passes: 4, Median Passes: 0
INFO 03:39:11: Gen 35 Best: 52.40, Median: 14.00, 75th: 11.40, Best Passes: 3, Median Passes: 0
INFO 03:39:13: Gen 36 Best: 54.20, Median: 17.00, 75th: 12.80, Best Passes: 4, Median Passes: 0
INFO 03:39:14: Gen 37 Best: 55.20, Median: 14.80, 75th: 11.60, Best Passes: 4, Median Passes: 0
INFO 03:39:16: Gen 38 Best: 57.60, Median: 14.40, 75th: 12.40, Best Passes: 7, Median Passes: 0
INFO 03:39:17: Gen 39 Best: 53.20, Median: 14.80, 75th: 12.40, Best Passes: 4, Median Passes: 0
INFO 03:39:19: Gen 40 Best: 56.00, Median: 13.40, 75th: 10.20, Best Passes: 4, Median Passes: 0
INFO 03:39:20: Gen 41 Best: 48.20, Median: 15.20, 75th: 11.40, Best Passes: 4, Median Passes: 0
INFO 03:39:22: Gen 42 Best: 67.40, Median: 13.60, 75th: 9.60, Best Passes: 4, Median Passes: 0
INFO 03:39:23: Gen 43 Best: 50.00, Median: 14.40, 75th: 10.60, Best Passes: 2, Median Passes: 0
INFO 03:39:24: Gen 44 Best: 65.40, Median: 14.60, 75th: 11.60, Best Passes: 4, Median Passes: 0
INFO 03:39:26: Gen 45 Best: 52.60, Median: 16.80, 75th: 13.00, Best Passes: 3, Median Passes: 0
INFO 03:39:27: Gen 46 Best: 53.00, Median: 16.20, 75th: 12.40, Best Passes: 3, Median Passes: 0
INFO 03:39:29: Gen 47 Best: 53.20, Median: 16.40, 75th: 11.00, Best Passes: 7, Median Passes: 0
INFO 03:39:30: Gen 48 Best: 57.00, Median: 14.80, 75th: 10.20, Best Passes: 5, Median Passes: 0
INFO 03:39:32: Gen 49 Best: 67.60, Median: 15.20, 75th: 11.00, Best Passes: 5, Median Passes: 0
INFO 03:39:32: Making Agents
INFO 03:39:32: Architecture: [(3, 3), (6, 3)]
INFO 03:39:32: Number of weights: 33
INFO 03:39:33: Gen 0 Best: 20.80, Median: 0.00, 75th: 0.00, Best Passes: 0, Median Passes: 0
INFO 03:39:34: Gen 1 Best: 26.40, Median: 0.00, 75th: 0.00, Best Passes: 0, Median Passes: 0
INFO 03:39:35: Gen 2 Best: 29.00, Median: 0.00, 75th: 0.00, Best Passes: 0, Median Passes: 0
INFO 03:39:36: Gen 3 Best: 25.00, Median: 2.00, 75th: 0.00, Best Passes: 0, Median Passes: 1
INFO 03:39:37: Gen 4 Best: 32.60, Median: 7.60, 75th: 0.00, Best Passes: 0, Median Passes: 0
INFO 03:39:39: Gen 5 Best: 27.60, Median: 11.60, 75th: 0.00, Best Passes: 0, Median Passes: 0
INFO 03:39:40: Gen 6 Best: 34.40, Median: 13.00, 75th: 2.00, Best Passes: 0, Median Passes: 0
INFO 03:39:42: Gen 7 Best: 27.60, Median: 14.80, 75th: 9.00, Best Passes: 0, Median Passes: 0
INFO 03:39:43: Gen 8 Best: 31.60, Median: 15.00, 75th: 11.40, Best Passes: 3, Median Passes: 0
INFO 03:39:44: Gen 9 Best: 31.80, Median: 16.00, 75th: 12.40, Best Passes: 2, Median Passes: 0
INFO 03:39:46: Gen 10 Best: 25.80, Median: 16.00, 75th: 13.00, Best Passes: 0, Median Passes: 0
INFO 03:39:47: Gen 11 Best: 27.80, Median: 16.40, 75th: 12.20, Best Passes: 0, Median Passes: 0
INFO 03:39:49: Gen 12 Best: 49.40, Median: 15.00, 75th: 12.40, Best Passes: 4, Median Passes: 0
INFO 03:39:50: Gen 13 Best: 45.80, Median: 14.40, 75th: 11.60, Best Passes: 9, Median Passes: 0
INFO 03:39:52: Gen 14 Best: 59.40, Median: 13.80, 75th: 10.80, Best Passes: 5, Median Passes: 0
INFO 03:39:53: Gen 15 Best: 52.40, Median: 14.60, 75th: 10.60, Best Passes: 4, Median Passes: 0
INFO 03:39:55: Gen 16 Best: 60.00, Median: 14.40, 75th: 10.80, Best Passes: 4, Median Passes: 0
INFO 03:39:56: Gen 17 Best: 60.00, Median: 15.60, 75th: 12.20, Best Passes: 5, Median Passes: 0
INFO 03:39:57: Gen 18 Best: 54.60, Median: 15.20, 75th: 11.00, Best Passes: 3, Median Passes: 0
INFO 03:39:59: Gen 19 Best: 88.40, Median: 17.40, 75th: 12.60, Best Passes: 6, Median Passes: 0
INFO 03:40:00: Gen 20 Best: 59.60, Median: 16.80, 75th: 13.40, Best Passes: 4, Median Passes: 0
INFO 03:40:02: Gen 21 Best: 60.60, Median: 14.00, 75th: 9.80, Best Passes: 4, Median Passes: 0
INFO 03:40:03: Gen 22 Best: 86.60, Median: 15.80, 75th: 11.20, Best Passes: 8, Median Passes: 0
INFO 03:40:05: Gen 23 Best: 60.00, Median: 17.40, 75th: 12.60, Best Passes: 3, Median Passes: 0
INFO 03:40:06: Gen 24 Best: 59.80, Median: 17.80, 75th: 14.00, Best Passes: 7, Median Passes: 0
INFO 03:40:08: Gen 25 Best: 58.20, Median: 15.40, 75th: 11.60, Best Passes: 3, Median Passes: 0
INFO 03:40:09: Gen 26 Best: 89.80, Median: 17.40, 75th: 12.40, Best Passes: 6, Median Passes: 0
INFO 03:40:10: Gen 27 Best: 62.40, Median: 18.20, 75th: 13.40, Best Passes: 6, Median Passes: 0
INFO 03:40:12: Gen 28 Best: 58.40, Median: 16.20, 75th: 8.40, Best Passes: 3, Median Passes: 0
INFO 03:40:13: Gen 29 Best: 87.60, Median: 18.20, 75th: 11.80, Best Passes: 6, Median Passes: 0
INFO 03:40:15: Gen 30 Best: 81.20, Median: 19.00, 75th: 13.80, Best Passes: 7, Median Passes: 0
INFO 03:40:16: Gen 31 Best: 89.60, Median: 18.40, 75th: 12.60, Best Passes: 6, Median Passes: 0
INFO 03:40:18: Gen 32 Best: 58.80, Median: 17.20, 75th: 10.00, Best Passes: 5, Median Passes: 0
INFO 03:40:19: Gen 33 Best: 69.40, Median: 18.20, 75th: 12.20, Best Passes: 5, Median Passes: 0
INFO 03:40:21: Gen 34 Best: 74.80, Median: 18.60, 75th: 14.00, Best Passes: 7, Median Passes: 0
INFO 03:40:22: Gen 35 Best: 66.40, Median: 17.00, 75th: 11.80, Best Passes: 5, Median Passes: 0
INFO 03:40:24: Gen 36 Best: 67.40, Median: 16.00, 75th: 11.60, Best Passes: 4, Median Passes: 0
INFO 03:40:25: Gen 37 Best: 88.40, Median: 16.80, 75th: 6.00, Best Passes: 5, Median Passes: 0
INFO 03:40:26: Gen 38 Best: 83.40, Median: 17.20, 75th: 8.20, Best Passes: 5, Median Passes: 0
INFO 03:40:28: Gen 39 Best: 88.60, Median: 14.40, 75th: 9.80, Best Passes: 5, Median Passes: 0
INFO 03:40:29: Gen 40 Best: 60.80, Median: 17.60, 75th: 11.80, Best Passes: 4, Median Passes: 0
INFO 03:40:31: Gen 41 Best: 87.20, Median: 18.80, 75th: 13.00, Best Passes: 5, Median Passes: 0
INFO 03:40:32: Gen 42 Best: 67.20, Median: 18.80, 75th: 12.60, Best Passes: 6, Median Passes: 0
INFO 03:40:33: Gen 43 Best: 61.80, Median: 17.60, 75th: 12.00, Best Passes: 5, Median Passes: 0
INFO 03:40:35: Gen 44 Best: 66.60, Median: 16.80, 75th: 12.80, Best Passes: 7, Median Passes: 0
INFO 03:40:36: Gen 45 Best: 89.20, Median: 19.00, 75th: 12.60, Best Passes: 5, Median Passes: 0
INFO 03:40:37: Gen 46 Best: 69.40, Median: 18.80, 75th: 7.60, Best Passes: 6, Median Passes: 0
INFO 03:40:39: Gen 47 Best: 66.20, Median: 17.80, 75th: 8.20, Best Passes: 5, Median Passes: 0
INFO 03:40:40: Gen 48 Best: 86.80, Median: 21.20, 75th: 13.60, Best Passes: 6, Median Passes: 0
INFO 03:40:41: Gen 49 Best: 83.00, Median: 21.40, 75th: 13.60, Best Passes: 6, Median Passes: 0
INFO 03:40:41: Making Agents
INFO 03:40:41: Architecture: [(3, 3), (6, 3)]
INFO 03:40:41: Number of weights: 33
INFO 03:40:42: Gen 0 Best: 25.20, Median: 0.00, 75th: 0.00, Best Passes: 0, Median Passes: 0
INFO 03:40:43: Gen 1 Best: 24.40, Median: 0.00, 75th: 0.00, Best Passes: 0, Median Passes: 0
INFO 03:40:44: Gen 2 Best: 16.60, Median: 0.00, 75th: 0.00, Best Passes: 0, Median Passes: 0
INFO 03:40:45: Gen 3 Best: 52.80, Median: 0.00, 75th: 0.00, Best Passes: 4, Median Passes: 0
INFO 03:40:47: Gen 4 Best: 51.00, Median: 1.00, 75th: 0.00, Best Passes: 4, Median Passes: 0
INFO 03:40:48: Gen 5 Best: 49.20, Median: 2.00, 75th: 0.00, Best Passes: 4, Median Passes: 0
INFO 03:40:49: Gen 6 Best: 47.80, Median: 7.20, 75th: 0.00, Best Passes: 5, Median Passes: 0
INFO 03:40:50: Gen 7 Best: 54.40, Median: 9.80, 75th: 0.00, Best Passes: 5, Median Passes: 0
INFO 03:40:51: Gen 8 Best: 51.20, Median: 12.20, 75th: 1.00, Best Passes: 5, Median Passes: 0
INFO 03:40:53: Gen 9 Best: 47.20, Median: 14.40, 75th: 2.00, Best Passes: 6, Median Passes: 0
INFO 03:40:54: Gen 10 Best: 60.00, Median: 13.60, 75th: 6.40, Best Passes: 4, Median Passes: 0
INFO 03:40:55: Gen 11 Best: 54.00, Median: 13.40, 75th: 7.60, Best Passes: 6, Median Passes: 0
INFO 03:40:57: Gen 12 Best: 62.20, Median: 13.40, 75th: 9.00, Best Passes: 4, Median Passes: 0
INFO 03:40:58: Gen 13 Best: 55.80, Median: 15.40, 75th: 10.80, Best Passes: 8, Median Passes: 0
INFO 03:41:00: Gen 14 Best: 67.00, Median: 14.40, 75th: 10.80, Best Passes: 4, Median Passes: 0
INFO 03:41:01: Gen 15 Best: 55.60, Median: 13.00, 75th: 10.80, Best Passes: 3, Median Passes: 0
INFO 03:41:02: Gen 16 Best: 81.00, Median: 15.00, 75th: 10.00, Best Passes: 5, Median Passes: 0
INFO 03:41:04: Gen 17 Best: 67.80, Median: 14.40, 75th: 9.80, Best Passes: 4, Median Passes: 0
INFO 03:41:05: Gen 18 Best: 49.80, Median: 14.80, 75th: 12.60, Best Passes: 4, Median Passes: 0
INFO 03:41:06: Gen 19 Best: 57.40, Median: 16.40, 75th: 12.80, Best Passes: 5, Median Passes: 0
INFO 03:41:08: Gen 20 Best: 71.60, Median: 14.80, 75th: 10.20, Best Passes: 6, Median Passes: 0
INFO 03:41:09: Gen 21 Best: 60.20, Median: 15.20, 75th: 10.60, Best Passes: 6, Median Passes: 0
INFO 03:41:10: Gen 22 Best: 49.00, Median: 14.40, 75th: 9.40, Best Passes: 4, Median Passes: 0
INFO 03:41:12: Gen 23 Best: 49.00, Median: 14.60, 75th: 11.80, Best Passes: 4, Median Passes: 0
INFO 03:41:13: Gen 24 Best: 51.60, Median: 15.40, 75th: 12.00, Best Passes: 3, Median Passes: 0
INFO 03:41:14: Gen 25 Best: 52.40, Median: 14.40, 75th: 12.60, Best Passes: 6, Median Passes: 0
INFO 03:41:16: Gen 26 Best: 55.20, Median: 15.20, 75th: 12.00, Best Passes: 3, Median Passes: 0
INFO 03:41:17: Gen 27 Best: 57.40, Median: 14.60, 75th: 10.40, Best Passes: 6, Median Passes: 0
INFO 03:41:18: Gen 28 Best: 51.80, Median: 15.60, 75th: 12.20, Best Passes: 3, Median Passes: 0
INFO 03:41:20: Gen 29 Best: 54.20, Median: 15.00, 75th: 11.20, Best Passes: 4, Median Passes: 0
INFO 03:41:21: Gen 30 Best: 52.80, Median: 15.00, 75th: 10.80, Best Passes: 4, Median Passes: 0
INFO 03:41:22: Gen 31 Best: 54.60, Median: 16.80, 75th: 12.60, Best Passes: 4, Median Passes: 0
INFO 03:41:24: Gen 32 Best: 50.60, Median: 14.40, 75th: 11.80, Best Passes: 3, Median Passes: 0
INFO 03:41:25: Gen 33 Best: 54.00, Median: 15.40, 75th: 11.80, Best Passes: 5, Median Passes: 0
INFO 03:41:27: Gen 34 Best: 55.60, Median: 14.80, 75th: 10.60, Best Passes: 4, Median Passes: 0
INFO 03:41:28: Gen 35 Best: 49.20, Median: 15.80, 75th: 12.00, Best Passes: 2, Median Passes: 0
INFO 03:41:29: Gen 36 Best: 37.00, Median: 13.60, 75th: 8.80, Best Passes: 4, Median Passes: 0
INFO 03:41:31: Gen 37 Best: 88.00, Median: 14.20, 75th: 9.40, Best Passes: 4, Median Passes: 0
INFO 03:41:32: Gen 38 Best: 45.20, Median: 14.80, 75th: 12.20, Best Passes: 2, Median Passes: 0
INFO 03:41:33: Gen 39 Best: 54.00, Median: 13.20, 75th: 9.40, Best Passes: 3, Median Passes: 0
INFO 03:41:35: Gen 40 Best: 29.80, Median: 15.00, 75th: 10.20, Best Passes: 2, Median Passes: 0
INFO 03:41:36: Gen 41 Best: 29.60, Median: 14.60, 75th: 11.80, Best Passes: 0, Median Passes: 0
INFO 03:41:37: Gen 42 Best: 31.00, Median: 14.80, 75th: 10.80, Best Passes: 0, Median Passes: 0
INFO 03:41:39: Gen 43 Best: 27.20, Median: 15.00, 75th: 12.20, Best Passes: 0, Median Passes: 0
INFO 03:41:40: Gen 44 Best: 31.20, Median: 14.80, 75th: 12.20, Best Passes: 0, Median Passes: 0
INFO 03:41:41: Gen 45 Best: 30.40, Median: 14.00, 75th: 11.20, Best Passes: 0, Median Passes: 0
INFO 03:41:43: Gen 46 Best: 28.00, Median: 16.60, 75th: 11.80, Best Passes: 0, Median Passes: 0
INFO 03:41:44: Gen 47 Best: 31.00, Median: 15.20, 75th: 12.20, Best Passes: 0, Median Passes: 0
INFO 03:41:45: Gen 48 Best: 38.80, Median: 16.60, 75th: 12.20, Best Passes: 0, Median Passes: 0
INFO 03:41:47: Gen 49 Best: 34.80, Median: 14.60, 75th: 10.60, Best Passes: 0, Median Passes: 0
INFO 03:41:47: Making Agents
INFO 03:41:47: Architecture: [(3, 3), (6, 3)]
INFO 03:41:47: Number of weights: 33
INFO 03:41:48: Gen 0 Best: 25.00, Median: 0.00, 75th: 0.00, Best Passes: 0, Median Passes: 0
INFO 03:41:49: Gen 1 Best: 21.20, Median: 0.00, 75th: 0.00, Best Passes: 0, Median Passes: 0
INFO 03:41:50: Gen 2 Best: 24.80, Median: 0.00, 75th: 0.00, Best Passes: 0, Median Passes: 0
INFO 03:41:51: Gen 3 Best: 23.20, Median: 0.00, 75th: 0.00, Best Passes: 0, Median Passes: 0
INFO 03:41:52: Gen 4 Best: 27.60, Median: 1.00, 75th: 0.00, Best Passes: 0, Median Passes: 35
INFO 03:41:53: Gen 5 Best: 22.40, Median: 2.00, 75th: 0.00, Best Passes: 0, Median Passes: 1
INFO 03:41:54: Gen 6 Best: 35.20, Median: 2.00, 75th: 0.00, Best Passes: 0, Median Passes: 6
INFO 03:41:55: Gen 7 Best: 29.80, Median: 7.60, 75th: 1.00, Best Passes: 0, Median Passes: 0
INFO 03:41:56: Gen 8 Best: 56.80, Median: 11.80, 75th: 2.00, Best Passes: 5, Median Passes: 0
INFO 03:41:58: Gen 9 Best: 48.40, Median: 12.00, 75th: 2.00, Best Passes: 6, Median Passes: 0
INFO 03:41:59: Gen 10 Best: 49.60, Median: 13.40, 75th: 6.40, Best Passes: 7, Median Passes: 0
INFO 03:42:00: Gen 11 Best: 47.60, Median: 14.60, 75th: 10.20, Best Passes: 2, Median Passes: 0
INFO 03:42:02: Gen 12 Best: 87.80, Median: 14.40, 75th: 9.20, Best Passes: 6, Median Passes: 0
INFO 03:42:03: Gen 13 Best: 51.20, Median: 15.00, 75th: 11.60, Best Passes: 4, Median Passes: 0
INFO 03:42:04: Gen 14 Best: 50.60, Median: 16.20, 75th: 13.00, Best Passes: 4, Median Passes: 0
INFO 03:42:06: Gen 15 Best: 66.60, Median: 16.40, 75th: 11.00, Best Passes: 5, Median Passes: 0
INFO 03:42:07: Gen 16 Best: 56.60, Median: 15.20, 75th: 11.20, Best Passes: 4, Median Passes: 0
INFO 03:42:08: Gen 17 Best: 56.40, Median: 15.80, 75th: 11.60, Best Passes: 5, Median Passes: 0
INFO 03:42:10: Gen 18 Best: 50.40, Median: 15.40, 75th: 9.60, Best Passes: 4, Median Passes: 0
INFO 03:42:11: Gen 19 Best: 89.60, Median: 16.00, 75th: 12.80, Best Passes: 8, Median Passes: 0
INFO 03:42:13: Gen 20 Best: 55.40, Median: 15.20, 75th: 12.20, Best Passes: 5, Median Passes: 0
INFO 03:42:14: Gen 21 Best: 26.60, Median: 16.00, 75th: 11.80, Best Passes: 0, Median Passes: 0
INFO 03:42:15: Gen 22 Best: 34.00, Median: 13.80, 75th: 10.40, Best Passes: 0, Median Passes: 0
INFO 03:42:17: Gen 23 Best: 30.20, Median: 15.60, 75th: 11.20, Best Passes: 0, Median Passes: 0
INFO 03:42:18: Gen 24 Best: 42.80, Median: 14.60, 75th: 10.00, Best Passes: 2, Median Passes: 0
INFO 03:42:19: Gen 25 Best: 46.60, Median: 15.20, 75th: 10.60, Best Passes: 6, Median Passes: 0
INFO 03:42:21: Gen 26 Best: 58.00, Median: 15.20, 75th: 12.20, Best Passes: 4, Median Passes: 0
INFO 03:42:22: Gen 27 Best: 48.00, Median: 15.80, 75th: 11.00, Best Passes: 2, Median Passes: 0
INFO 03:42:24: Gen 28 Best: 27.40, Median: 14.80, 75th: 11.40, Best Passes: 0, Median Passes: 0
INFO 03:42:25: Gen 29 Best: 53.60, Median: 15.20, 75th: 12.60, Best Passes: 3, Median Passes: 0
INFO 03:42:26: Gen 30 Best: 49.20, Median: 15.00, 75th: 11.00, Best Passes: 4, Median Passes: 0
INFO 03:42:28: Gen 31 Best: 54.00, Median: 14.40, 75th: 12.60, Best Passes: 5, Median Passes: 0
INFO 03:42:29: Gen 32 Best: 50.40, Median: 15.20, 75th: 11.60, Best Passes: 2, Median Passes: 0
INFO 03:42:31: Gen 33 Best: 31.80, Median: 15.20, 75th: 11.00, Best Passes: 2, Median Passes: 0
INFO 03:42:32: Gen 34 Best: 48.60, Median: 15.20, 75th: 11.20, Best Passes: 3, Median Passes: 0
INFO 03:42:33: Gen 35 Best: 53.00, Median: 15.20, 75th: 11.00, Best Passes: 4, Median Passes: 0
INFO 03:42:35: Gen 36 Best: 52.00, Median: 14.80, 75th: 12.20, Best Passes: 7, Median Passes: 0
INFO 03:42:36: Gen 37 Best: 80.80, Median: 15.60, 75th: 11.40, Best Passes: 5, Median Passes: 0
INFO 03:42:38: Gen 38 Best: 58.20, Median: 15.00, 75th: 10.80, Best Passes: 5, Median Passes: 0
INFO 03:42:39: Gen 39 Best: 57.20, Median: 15.20, 75th: 11.60, Best Passes: 4, Median Passes: 0
INFO 03:42:40: Gen 40 Best: 58.40, Median: 13.60, 75th: 9.20, Best Passes: 4, Median Passes: 0
INFO 03:42:42: Gen 41 Best: 50.80, Median: 13.20, 75th: 9.80, Best Passes: 4, Median Passes: 0
INFO 03:42:43: Gen 42 Best: 49.40, Median: 15.00, 75th: 10.20, Best Passes: 3, Median Passes: 0
INFO 03:42:44: Gen 43 Best: 58.00, Median: 13.40, 75th: 10.60, Best Passes: 4, Median Passes: 0
INFO 03:42:46: Gen 44 Best: 50.80, Median: 14.60, 75th: 10.20, Best Passes: 3, Median Passes: 0
INFO 03:42:47: Gen 45 Best: 49.80, Median: 14.40, 75th: 10.20, Best Passes: 4, Median Passes: 0
INFO 03:42:48: Gen 46 Best: 66.40, Median: 14.40, 75th: 11.00, Best Passes: 5, Median Passes: 0
INFO 03:42:50: Gen 47 Best: 56.60, Median: 15.20, 75th: 12.00, Best Passes: 5, Median Passes: 0
INFO 03:42:51: Gen 48 Best: 57.00, Median: 15.80, 75th: 12.80, Best Passes: 5, Median Passes: 0
INFO 03:42:52: Gen 49 Best: 52.40, Median: 15.40, 75th: 12.60, Best Passes: 3, Median Passes: 0
INFO 03:42:52: Making Agents
INFO 03:42:52: Architecture: [(3, 3), (6, 3)]
INFO 03:42:52: Number of weights: 33
INFO 03:42:53: Gen 0 Best: 88.20, Median: 0.00, 75th: 0.00, Best Passes: 6, Median Passes: 0
INFO 03:42:54: Gen 1 Best: 50.20, Median: 0.00, 75th: 0.00, Best Passes: 4, Median Passes: 0
INFO 03:42:55: Gen 2 Best: 49.00, Median: 0.00, 75th: 0.00, Best Passes: 4, Median Passes: 0
INFO 03:42:56: Gen 3 Best: 31.80, Median: 0.00, 75th: 0.00, Best Passes: 0, Median Passes: 0
INFO 03:42:57: Gen 4 Best: 56.60, Median: 0.00, 75th: 0.00, Best Passes: 5, Median Passes: 0
INFO 03:42:59: Gen 5 Best: 50.80, Median: 2.00, 75th: 0.00, Best Passes: 4, Median Passes: 0
INFO 03:43:00: Gen 6 Best: 56.80, Median: 2.00, 75th: 0.00, Best Passes: 5, Median Passes: 0
INFO 03:43:01: Gen 7 Best: 58.60, Median: 9.80, 75th: 0.00, Best Passes: 5, Median Passes: 0
INFO 03:43:02: Gen 8 Best: 58.20, Median: 10.80, 75th: 1.00, Best Passes: 4, Median Passes: 0
INFO 03:43:03: Gen 9 Best: 51.20, Median: 12.80, 75th: 2.00, Best Passes: 4, Median Passes: 0
INFO 03:43:05: Gen 10 Best: 53.40, Median: 12.00, 75th: 2.00, Best Passes: 7, Median Passes: 0
INFO 03:43:06: Gen 11 Best: 54.20, Median: 14.60, 75th: 7.60, Best Passes: 4, Median Passes: 0
INFO 03:43:07: Gen 12 Best: 53.40, Median: 15.60, 75th: 10.20, Best Passes: 4, Median Passes: 0
INFO 03:43:09: Gen 13 Best: 49.80, Median: 14.20, 75th: 9.60, Best Passes: 3, Median Passes: 0
INFO 03:43:10: Gen 14 Best: 53.20, Median: 15.80, 75th: 13.00, Best Passes: 5, Median Passes: 0
INFO 03:43:12: Gen 15 Best: 66.20, Median: 16.20, 75th: 11.00, Best Passes: 5, Median Passes: 0
INFO 03:43:13: Gen 16 Best: 27.60, Median: 14.40, 75th: 10.20, Best Passes: 0, Median Passes: 0
INFO 03:43:14: Gen 17 Best: 28.60, Median: 13.80, 75th: 11.00, Best Passes: 0, Median Passes: 0
INFO 03:43:16: Gen 18 Best: 25.20, Median: 14.60, 75th: 11.40, Best Passes: 0, Median Passes: 0
INFO 03:43:17: Gen 19 Best: 26.20, Median: 15.40, 75th: 10.60, Best Passes: 0, Median Passes: 0
INFO 03:43:19: Gen 20 Best: 29.00, Median: 15.20, 75th: 13.40, Best Passes: 0, Median Passes: 0
INFO 03:43:20: Gen 21 Best: 26.20, Median: 15.00, 75th: 11.80, Best Passes: 0, Median Passes: 0
INFO 03:43:22: Gen 22 Best: 27.80, Median: 15.40, 75th: 11.20, Best Passes: 0, Median Passes: 0
INFO 03:43:23: Gen 23 Best: 25.00, Median: 14.40, 75th: 11.20, Best Passes: 0, Median Passes: 0
INFO 03:43:25: Gen 24 Best: 30.80, Median: 15.60, 75th: 12.60, Best Passes: 0, Median Passes: 0
INFO 03:43:26: Gen 25 Best: 30.20, Median: 14.40, 75th: 9.80, Best Passes: 0, Median Passes: 0
INFO 03:43:27: Gen 26 Best: 30.60, Median: 13.60, 75th: 8.40, Best Passes: 0, Median Passes: 0
INFO 03:43:29: Gen 27 Best: 36.00, Median: 13.80, 75th: 10.40, Best Passes: 0, Median Passes: 0
INFO 03:43:30: Gen 28 Best: 28.40, Median: 14.40, 75th: 10.60, Best Passes: 0, Median Passes: 0
INFO 03:43:32: Gen 29 Best: 29.40, Median: 14.20, 75th: 9.80, Best Passes: 0, Median Passes: 0
INFO 03:43:33: Gen 30 Best: 29.80, Median: 15.00, 75th: 11.00, Best Passes: 0, Median Passes: 0
INFO 03:43:35: Gen 31 Best: 39.80, Median: 13.20, 75th: 10.60, Best Passes: 3, Median Passes: 0
INFO 03:43:36: Gen 32 Best: 41.80, Median: 14.80, 75th: 11.20, Best Passes: 2, Median Passes: 0
INFO 03:43:38: Gen 33 Best: 58.80, Median: 14.00, 75th: 12.00, Best Passes: 4, Median Passes: 0
INFO 03:43:39: Gen 34 Best: 41.80, Median: 15.20, 75th: 11.80, Best Passes: 2, Median Passes: 0
INFO 03:43:40: Gen 35 Best: 45.20, Median: 16.00, 75th: 11.40, Best Passes: 3, Median Passes: 0
INFO 03:43:42: Gen 36 Best: 56.20, Median: 14.20, 75th: 9.80, Best Passes: 5, Median Passes: 0
INFO 03:43:43: Gen 37 Best: 54.60, Median: 15.20, 75th: 9.80, Best Passes: 5, Median Passes: 0
INFO 03:43:45: Gen 38 Best: 54.20, Median: 14.20, 75th: 11.40, Best Passes: 3, Median Passes: 0
INFO 03:43:46: Gen 39 Best: 48.40, Median: 13.40, 75th: 7.60, Best Passes: 5, Median Passes: 0
INFO 03:43:47: Gen 40 Best: 54.40, Median: 13.60, 75th: 8.20, Best Passes: 3, Median Passes: 0
INFO 03:43:49: Gen 41 Best: 49.00, Median: 15.60, 75th: 11.80, Best Passes: 2, Median Passes: 0
INFO 03:43:50: Gen 42 Best: 56.40, Median: 13.40, 75th: 10.40, Best Passes: 3, Median Passes: 0
INFO 03:43:51: Gen 43 Best: 51.00, Median: 13.00, 75th: 9.80, Best Passes: 3, Median Passes: 0
INFO 03:43:53: Gen 44 Best: 24.60, Median: 15.40, 75th: 11.80, Best Passes: 0, Median Passes: 0
INFO 03:43:54: Gen 45 Best: 26.60, Median: 15.00, 75th: 11.60, Best Passes: 0, Median Passes: 0
INFO 03:43:55: Gen 46 Best: 27.60, Median: 14.80, 75th: 11.80, Best Passes: 0, Median Passes: 0
INFO 03:43:56: Gen 47 Best: 28.60, Median: 16.00, 75th: 12.00, Best Passes: 0, Median Passes: 0
INFO 03:43:58: Gen 48 Best: 29.20, Median: 15.20, 75th: 11.60, Best Passes: 0, Median Passes: 0
INFO 03:43:59: Gen 49 Best: 27.00, Median: 16.60, 75th: 13.20, Best Passes: 0, Median Passes: 0
INFO 03:44:37: Render Thread Complete
INFO 03:44:37: Simulation Thread Complete
